<?xml version="1.0" encoding="UTF-8"?>
<coverage generated="1691053819508" clover="3.2.0">
  <project timestamp="1691053819508" name="All files">
    <metrics statements="27" coveredstatements="26" conditionals="5" coveredconditionals="4" methods="2" coveredmethods="2" elements="34" coveredelements="32" complexity="0" loc="27" ncloc="27" packages="3" files="4" classes="4"/>
    <package name="src">
      <metrics statements="17" coveredstatements="16" conditionals="5" coveredconditionals="4" methods="0" coveredmethods="0"/>
      <file name="mikro-orm.config.ts" path="/Users/hdev/workspace/adm30/templates/fastify-plugin-react-template/src/mikro-orm.config.ts">
        <metrics statements="17" coveredstatements="16" conditionals="5" coveredconditionals="4" methods="0" coveredmethods="0"/>
        <line num="2" count="1" type="stmt"/>
        <line num="3" count="1" type="stmt"/>
        <line num="4" count="1" type="stmt"/>
        <line num="5" count="1" type="stmt"/>
        <line num="7" count="1" type="stmt"/>
        <line num="9" count="1" type="stmt"/>
        <line num="10" count="1" type="cond" truecount="1" falsecount="0"/>
        <line num="11" count="1" type="cond" truecount="1" falsecount="0"/>
        <line num="12" count="1" type="stmt"/>
        <line num="14" count="1" type="stmt"/>
        <line num="15" count="1" type="cond" truecount="1" falsecount="0"/>
        <line num="16" count="1" type="stmt"/>
        <line num="17" count="1" type="cond" truecount="0" falsecount="1"/>
        <line num="18" count="0" type="stmt"/>
        <line num="20" count="1" type="cond" truecount="1" falsecount="0"/>
        <line num="22" count="1" type="stmt"/>
        <line num="48" count="1" type="stmt"/>
      </file>
    </package>
    <package name="src.entities">
      <metrics statements="4" coveredstatements="4" conditionals="0" coveredconditionals="0" methods="0" coveredmethods="0"/>
      <file name="index.ts" path="/Users/hdev/workspace/adm30/templates/fastify-plugin-react-template/src/entities/index.ts">
        <metrics statements="4" coveredstatements="4" conditionals="0" coveredconditionals="0" methods="0" coveredmethods="0"/>
        <line num="1" count="1" type="stmt"/>
        <line num="9" count="1" type="stmt"/>
        <line num="24" count="1" type="stmt"/>
        <line num="26" count="1" type="stmt"/>
      </file>
    </package>
    <package name="tests">
      <metrics statements="6" coveredstatements="6" conditionals="0" coveredconditionals="0" methods="2" coveredmethods="2"/>
      <file name="setup.ts" path="/Users/hdev/workspace/adm30/templates/fastify-plugin-react-template/tests/setup.ts">
        <metrics statements="4" coveredstatements="4" conditionals="0" coveredconditionals="0" methods="1" coveredmethods="1"/>
        <line num="1" count="1" type="stmt"/>
        <line num="2" count="1" type="stmt"/>
        <line num="4" count="1" type="stmt"/>
        <line num="5" count="1" type="stmt"/>
      </file>
      <file name="teardown.ts" path="/Users/hdev/workspace/adm30/templates/fastify-plugin-react-template/tests/teardown.ts">
        <metrics statements="2" coveredstatements="2" conditionals="0" coveredconditionals="0" methods="1" coveredmethods="1"/>
        <line num="3" count="1" type="stmt"/>
        <line num="4" count="1" type="stmt"/>
      </file>
    </package>
  </project>
</coverage>
