{"/Users/hdev/workspace/adm30/templates/fastify-plugin-react-template/src/mikro-orm.config.ts": {"path":"/Users/hdev/workspace/adm30/templates/fastify-plugin-react-template/src/mikro-orm.config.ts","statementMap":{"0":{"start":{"line":2,"column":0},"end":{"line":2,"column":23}},"1":{"start":{"line":3,"column":0},"end":{"line":3,"column":27}},"2":{"start":{"line":4,"column":0},"end":{"line":4,"column":55}},"3":{"start":{"line":5,"column":0},"end":{"line":5,"column":39}},"4":{"start":{"line":7,"column":14},"end":{"line":7,"column":18}},"5":{"start":{"line":9,"column":14},"end":{"line":9,"column":30}},"6":{"start":{"line":10,"column":0},"end":{"line":13,"column":null}},"7":{"start":{"line":11,"column":2},"end":{"line":11,"column":null}},"8":{"start":{"line":11,"column":13},"end":{"line":11,"column":null}},"9":{"start":{"line":12,"column":2},"end":{"line":12,"column":null}},"10":{"start":{"line":14,"column":0},"end":{"line":14,"column":null}},"11":{"start":{"line":15,"column":0},"end":{"line":15,"column":null}},"12":{"start":{"line":15,"column":11},"end":{"line":15,"column":null}},"13":{"start":{"line":16,"column":12},"end":{"line":16,"column":51}},"14":{"start":{"line":17,"column":0},"end":{"line":19,"column":null}},"15":{"start":{"line":18,"column":2},"end":{"line":18,"column":null}},"16":{"start":{"line":20,"column":0},"end":{"line":20,"column":null}},"17":{"start":{"line":20,"column":11},"end":{"line":20,"column":null}},"18":{"start":{"line":22,"column":24},"end":{"line":46,"column":null}},"19":{"start":{"line":48,"column":0},"end":{"line":48,"column":null}}},"fnMap":{},"branchMap":{"0":{"loc":{"start":{"line":10,"column":0},"end":{"line":13,"column":null}},"type":"if","locations":[{"start":{"line":10,"column":0},"end":{"line":13,"column":null}}]},"1":{"loc":{"start":{"line":11,"column":2},"end":{"line":11,"column":null}},"type":"if","locations":[{"start":{"line":11,"column":2},"end":{"line":11,"column":null}}]},"2":{"loc":{"start":{"line":15,"column":0},"end":{"line":15,"column":null}},"type":"if","locations":[{"start":{"line":15,"column":0},"end":{"line":15,"column":null}}]},"3":{"loc":{"start":{"line":17,"column":0},"end":{"line":19,"column":null}},"type":"if","locations":[{"start":{"line":17,"column":0},"end":{"line":19,"column":null}}]},"4":{"loc":{"start":{"line":20,"column":0},"end":{"line":20,"column":null}},"type":"if","locations":[{"start":{"line":20,"column":0},"end":{"line":20,"column":null}}]}},"s":{"0":1,"1":1,"2":1,"3":1,"4":1,"5":1,"6":1,"7":1,"8":1,"9":1,"10":1,"11":1,"12":1,"13":1,"14":1,"15":0,"16":1,"17":1,"18":1,"19":1},"f":{},"b":{"0":[1],"1":[1],"2":[1],"3":[0],"4":[1]}}
,"/Users/hdev/workspace/adm30/templates/fastify-plugin-react-template/src/entities/index.ts": {"path":"/Users/hdev/workspace/adm30/templates/fastify-plugin-react-template/src/entities/index.ts","statementMap":{"0":{"start":{"line":1,"column":0},"end":{"line":1,"column":46}},"1":{"start":{"line":9,"column":19},"end":{"line":22,"column":2}},"2":{"start":{"line":24,"column":17},"end":{"line":24,"column":29}},"3":{"start":{"line":26,"column":0},"end":{"line":26,"column":null}}},"fnMap":{},"branchMap":{},"s":{"0":1,"1":1,"2":1,"3":1},"f":{},"b":{}}
,"/Users/hdev/workspace/adm30/templates/fastify-plugin-react-template/tests/setup.ts": {"path":"/Users/hdev/workspace/adm30/templates/fastify-plugin-react-template/tests/setup.ts","statementMap":{"0":{"start":{"line":1,"column":0},"end":{"line":1,"column":61}},"1":{"start":{"line":2,"column":0},"end":{"line":2,"column":48}},"2":{"start":{"line":4,"column":21},"end":{"line":6,"column":1}},"3":{"start":{"line":5,"column":2},"end":{"line":5,"column":null}},"4":{"start":{"line":4,"column":13},"end":{"line":4,"column":21}}},"fnMap":{"0":{"name":"(anonymous_1)","decl":{"start":{"line":4,"column":21},"end":{"line":4,"column":26}},"loc":{"start":{"line":4,"column":32},"end":{"line":6,"column":1}}}},"branchMap":{},"s":{"0":1,"1":1,"2":1,"3":1,"4":1},"f":{"0":1},"b":{}}
,"/Users/hdev/workspace/adm30/templates/fastify-plugin-react-template/tests/teardown.ts": {"path":"/Users/hdev/workspace/adm30/templates/fastify-plugin-react-template/tests/teardown.ts","statementMap":{"0":{"start":{"line":3,"column":24},"end":{"line":5,"column":1}},"1":{"start":{"line":4,"column":2},"end":{"line":4,"column":null}},"2":{"start":{"line":3,"column":13},"end":{"line":3,"column":24}}},"fnMap":{"0":{"name":"(anonymous_0)","decl":{"start":{"line":3,"column":24},"end":{"line":3,"column":29}},"loc":{"start":{"line":3,"column":47},"end":{"line":5,"column":1}}}},"branchMap":{},"s":{"0":1,"1":1,"2":1},"f":{"0":1},"b":{}}
}
