TN:
SF:src/mikro-orm.config.ts
FNF:0
FNH:0
DA:2,1
DA:3,1
DA:4,1
DA:5,1
DA:7,1
DA:9,1
DA:10,1
DA:11,1
DA:12,1
DA:14,1
DA:15,1
DA:16,1
DA:17,1
DA:18,0
DA:20,1
DA:22,1
DA:48,1
LF:17
LH:16
BRDA:10,0,0,1
BRDA:11,1,0,1
BRDA:15,2,0,1
BRDA:17,3,0,0
BRDA:20,4,0,1
BRF:5
BRH:4
end_of_record
TN:
SF:src/entities/index.ts
FNF:0
FNH:0
DA:1,1
DA:9,1
DA:24,1
DA:26,1
LF:4
LH:4
BRF:0
BRH:0
end_of_record
TN:
SF:tests/setup.ts
FN:4,(anonymous_1)
FNF:1
FNH:1
FNDA:1,(anonymous_1)
DA:1,1
DA:2,1
DA:4,1
DA:5,1
LF:4
LH:4
BRF:0
BRH:0
end_of_record
TN:
SF:tests/teardown.ts
FN:3,(anonymous_0)
FNF:1
FNH:1
FNDA:1,(anonymous_0)
DA:3,1
DA:4,1
LF:2
LH:2
BRF:0
BRH:0
end_of_record
